d:\assignment\freertos\freertos-plus\demo\freertos_plus_tcp_and_fpt_client\debug\win32.bsc
d:\assignment\freertos\freertos-plus\demo\freertos_plus_tcp_and_fpt_client\debug\vc142.pdb
d:\assignment\freertos\freertos-plus\demo\freertos_plus_tcp_and_fpt_client\debug\vc142.idb
d:\assignment\freertos\freertos-plus\demo\freertos_plus_tcp_and_fpt_client\debug\demoiptrace.sbr
d:\assignment\freertos\freertos-plus\demo\freertos_plus_tcp_and_fpt_client\debug\run-time-stats-utils.sbr
d:\assignment\freertos\freertos-plus\demo\freertos_plus_tcp_and_fpt_client\debug\main.sbr
d:\assignment\freertos\freertos-plus\demo\freertos_plus_tcp_and_fpt_client\debug\demo_logging.sbr
d:\assignment\freertos\freertos-plus\demo\freertos_plus_tcp_and_fpt_client\debug\simpletcpechoserver.sbr
d:\assignment\freertos\freertos-plus\demo\freertos_plus_tcp_and_fpt_client\debug\simpleudpclientandserver.sbr
d:\assignment\freertos\freertos-plus\demo\freertos_plus_tcp_and_fpt_client\debug\udpselectserver.sbr
d:\assignment\freertos\freertos-plus\demo\freertos_plus_tcp_and_fpt_client\debug\twoudpechoclients.sbr
d:\assignment\freertos\freertos-plus\demo\freertos_plus_tcp_and_fpt_client\debug\tcpechoclient_singletasks.sbr
d:\assignment\freertos\freertos-plus\demo\freertos_plus_tcp_and_fpt_client\debug\tcpechoclient_separatetasks.sbr
d:\assignment\freertos\freertos-plus\demo\freertos_plus_tcp_and_fpt_client\debug\cli-commands.sbr
d:\assignment\freertos\freertos-plus\demo\freertos_plus_tcp_and_fpt_client\debug\canny.sbr
d:\assignment\freertos\freertos-plus\demo\freertos_plus_tcp_and_fpt_client\debug\tftpserver.sbr
d:\assignment\freertos\freertos-plus\demo\freertos_plus_tcp_and_fpt_client\debug\ff_stdio_tests_with_cwd.sbr
d:\assignment\freertos\freertos-plus\demo\freertos_plus_tcp_and_fpt_client\debug\createandverifyexamplefiles.sbr
d:\assignment\freertos\freertos-plus\demo\freertos_plus_tcp_and_fpt_client\debug\udpcommandconsole.sbr
d:\assignment\freertos\freertos-plus\demo\freertos_plus_tcp_and_fpt_client\debug\tcpcommandconsole.sbr
d:\assignment\freertos\freertos-plus\demo\freertos_plus_tcp_and_fpt_client\debug\file-related-cli-commands.sbr
d:\assignment\freertos\freertos-plus\demo\freertos_plus_tcp_and_fpt_client\debug\freertos_http_server.sbr
d:\assignment\freertos\freertos-plus\demo\freertos_plus_tcp_and_fpt_client\debug\freertos_http_commands.sbr
d:\assignment\freertos\freertos-plus\demo\freertos_plus_tcp_and_fpt_client\debug\freertos_http_commands.obj
d:\assignment\freertos\freertos-plus\demo\freertos_plus_tcp_and_fpt_client\debug\freertos_http_server.obj
d:\assignment\freertos\freertos-plus\demo\freertos_plus_tcp_and_fpt_client\debug\file-related-cli-commands.obj
d:\assignment\freertos\freertos-plus\demo\freertos_plus_tcp_and_fpt_client\debug\tcpcommandconsole.obj
d:\assignment\freertos\freertos-plus\demo\freertos_plus_tcp_and_fpt_client\debug\udpcommandconsole.obj
d:\assignment\freertos\freertos-plus\demo\freertos_plus_tcp_and_fpt_client\debug\createandverifyexamplefiles.obj
d:\assignment\freertos\freertos-plus\demo\freertos_plus_tcp_and_fpt_client\debug\ff_stdio_tests_with_cwd.obj
d:\assignment\freertos\freertos-plus\demo\freertos_plus_tcp_and_fpt_client\debug\tftpserver.obj
d:\assignment\freertos\freertos-plus\demo\freertos_plus_tcp_and_fpt_client\debug\canny.obj
d:\assignment\freertos\freertos-plus\demo\freertos_plus_tcp_and_fpt_client\debug\cli-commands.obj
d:\assignment\freertos\freertos-plus\demo\freertos_plus_tcp_and_fpt_client\debug\tcpechoclient_separatetasks.obj
d:\assignment\freertos\freertos-plus\demo\freertos_plus_tcp_and_fpt_client\debug\tcpechoclient_singletasks.obj
d:\assignment\freertos\freertos-plus\demo\freertos_plus_tcp_and_fpt_client\debug\twoudpechoclients.obj
d:\assignment\freertos\freertos-plus\demo\freertos_plus_tcp_and_fpt_client\debug\udpselectserver.obj
d:\assignment\freertos\freertos-plus\demo\freertos_plus_tcp_and_fpt_client\debug\simpleudpclientandserver.obj
d:\assignment\freertos\freertos-plus\demo\freertos_plus_tcp_and_fpt_client\debug\simpletcpechoserver.obj
d:\assignment\freertos\freertos-plus\demo\freertos_plus_tcp_and_fpt_client\debug\demo_logging.obj
d:\assignment\freertos\freertos-plus\demo\freertos_plus_tcp_and_fpt_client\debug\main.obj
d:\assignment\freertos\freertos-plus\demo\freertos_plus_tcp_and_fpt_client\debug\run-time-stats-utils.obj
d:\assignment\freertos\freertos-plus\demo\freertos_plus_tcp_and_fpt_client\debug\demoiptrace.obj
d:\assignment\freertos\freertos-plus\demo\freertos_plus_tcp_and_fpt_client\debug\freertos_ftp_server.sbr
d:\assignment\freertos\freertos-plus\demo\freertos_plus_tcp_and_fpt_client\debug\freertos_ftp_commands.sbr
d:\assignment\freertos\freertos-plus\demo\freertos_plus_tcp_and_fpt_client\debug\freertos_ftp_client.sbr
d:\assignment\freertos\freertos-plus\demo\freertos_plus_tcp_and_fpt_client\debug\freertos_tcp_server.sbr
d:\assignment\freertos\freertos-plus\demo\freertos_plus_tcp_and_fpt_client\debug\networkinterface.sbr
d:\assignment\freertos\freertos-plus\demo\freertos_plus_tcp_and_fpt_client\debug\bufferallocation_2.sbr
d:\assignment\freertos\freertos-plus\demo\freertos_plus_tcp_and_fpt_client\debug\freertos_udp_ip.sbr
d:\assignment\freertos\freertos-plus\demo\freertos_plus_tcp_and_fpt_client\debug\freertos_tcp_win.sbr
d:\assignment\freertos\freertos-plus\demo\freertos_plus_tcp_and_fpt_client\debug\freertos_tcp_ip.sbr
d:\assignment\freertos\freertos-plus\demo\freertos_plus_tcp_and_fpt_client\debug\freertos_stream_buffer.sbr
d:\assignment\freertos\freertos-plus\demo\freertos_plus_tcp_and_fpt_client\debug\freertos_sockets.sbr
d:\assignment\freertos\freertos-plus\demo\freertos_plus_tcp_and_fpt_client\debug\freertos_ip.sbr
d:\assignment\freertos\freertos-plus\demo\freertos_plus_tcp_and_fpt_client\debug\freertos_dns.sbr
d:\assignment\freertos\freertos-plus\demo\freertos_plus_tcp_and_fpt_client\debug\freertos_dhcp.sbr
d:\assignment\freertos\freertos-plus\demo\freertos_plus_tcp_and_fpt_client\debug\freertos_arp.sbr
d:\assignment\freertos\freertos-plus\demo\freertos_plus_tcp_and_fpt_client\debug\ff_ramdisk.sbr
d:\assignment\freertos\freertos-plus\demo\freertos_plus_tcp_and_fpt_client\debug\ff_time.sbr
d:\assignment\freertos\freertos-plus\demo\freertos_plus_tcp_and_fpt_client\debug\ff_sys.sbr
d:\assignment\freertos\freertos-plus\demo\freertos_plus_tcp_and_fpt_client\debug\ff_string.sbr
d:\assignment\freertos\freertos-plus\demo\freertos_plus_tcp_and_fpt_client\debug\ff_stdio.sbr
d:\assignment\freertos\freertos-plus\demo\freertos_plus_tcp_and_fpt_client\debug\ff_stdio.obj
d:\assignment\freertos\freertos-plus\demo\freertos_plus_tcp_and_fpt_client\debug\ff_string.obj
d:\assignment\freertos\freertos-plus\demo\freertos_plus_tcp_and_fpt_client\debug\ff_sys.obj
d:\assignment\freertos\freertos-plus\demo\freertos_plus_tcp_and_fpt_client\debug\ff_time.obj
d:\assignment\freertos\freertos-plus\demo\freertos_plus_tcp_and_fpt_client\debug\ff_ramdisk.obj
d:\assignment\freertos\freertos-plus\demo\freertos_plus_tcp_and_fpt_client\debug\freertos_arp.obj
d:\assignment\freertos\freertos-plus\demo\freertos_plus_tcp_and_fpt_client\debug\freertos_dhcp.obj
d:\assignment\freertos\freertos-plus\demo\freertos_plus_tcp_and_fpt_client\debug\freertos_dns.obj
d:\assignment\freertos\freertos-plus\demo\freertos_plus_tcp_and_fpt_client\debug\freertos_ip.obj
d:\assignment\freertos\freertos-plus\demo\freertos_plus_tcp_and_fpt_client\debug\freertos_sockets.obj
d:\assignment\freertos\freertos-plus\demo\freertos_plus_tcp_and_fpt_client\debug\freertos_stream_buffer.obj
d:\assignment\freertos\freertos-plus\demo\freertos_plus_tcp_and_fpt_client\debug\freertos_tcp_ip.obj
d:\assignment\freertos\freertos-plus\demo\freertos_plus_tcp_and_fpt_client\debug\freertos_tcp_win.obj
d:\assignment\freertos\freertos-plus\demo\freertos_plus_tcp_and_fpt_client\debug\freertos_udp_ip.obj
d:\assignment\freertos\freertos-plus\demo\freertos_plus_tcp_and_fpt_client\debug\bufferallocation_2.obj
d:\assignment\freertos\freertos-plus\demo\freertos_plus_tcp_and_fpt_client\debug\networkinterface.obj
d:\assignment\freertos\freertos-plus\demo\freertos_plus_tcp_and_fpt_client\debug\freertos_tcp_server.obj
d:\assignment\freertos\freertos-plus\demo\freertos_plus_tcp_and_fpt_client\debug\freertos_ftp_client.obj
d:\assignment\freertos\freertos-plus\demo\freertos_plus_tcp_and_fpt_client\debug\freertos_ftp_commands.obj
d:\assignment\freertos\freertos-plus\demo\freertos_plus_tcp_and_fpt_client\debug\freertos_ftp_server.obj
d:\assignment\freertos\freertos-plus\demo\freertos_plus_tcp_and_fpt_client\debug\ff_memory.sbr
d:\assignment\freertos\freertos-plus\demo\freertos_plus_tcp_and_fpt_client\debug\ff_locking.sbr
d:\assignment\freertos\freertos-plus\demo\freertos_plus_tcp_and_fpt_client\debug\ff_ioman.sbr
d:\assignment\freertos\freertos-plus\demo\freertos_plus_tcp_and_fpt_client\debug\ff_format.sbr
d:\assignment\freertos\freertos-plus\demo\freertos_plus_tcp_and_fpt_client\debug\ff_file.sbr
d:\assignment\freertos\freertos-plus\demo\freertos_plus_tcp_and_fpt_client\debug\ff_fat.sbr
d:\assignment\freertos\freertos-plus\demo\freertos_plus_tcp_and_fpt_client\debug\ff_error.sbr
d:\assignment\freertos\freertos-plus\demo\freertos_plus_tcp_and_fpt_client\debug\ff_dir.sbr
d:\assignment\freertos\freertos-plus\demo\freertos_plus_tcp_and_fpt_client\debug\ff_crc.sbr
d:\assignment\freertos\freertos-plus\demo\freertos_plus_tcp_and_fpt_client\debug\freertos_cli.sbr
d:\assignment\freertos\freertos-plus\demo\freertos_plus_tcp_and_fpt_client\debug\timers.sbr
d:\assignment\freertos\freertos-plus\demo\freertos_plus_tcp_and_fpt_client\debug\tasks.sbr
d:\assignment\freertos\freertos-plus\demo\freertos_plus_tcp_and_fpt_client\debug\queue.sbr
d:\assignment\freertos\freertos-plus\demo\freertos_plus_tcp_and_fpt_client\debug\port.sbr
d:\assignment\freertos\freertos-plus\demo\freertos_plus_tcp_and_fpt_client\debug\heap_4.sbr
d:\assignment\freertos\freertos-plus\demo\freertos_plus_tcp_and_fpt_client\debug\list.sbr
d:\assignment\freertos\freertos-plus\demo\freertos_plus_tcp_and_fpt_client\debug\event_groups.sbr
d:\assignment\freertos\freertos-plus\demo\freertos_plus_tcp_and_fpt_client\debug\event_groups.obj
d:\assignment\freertos\freertos-plus\demo\freertos_plus_tcp_and_fpt_client\debug\list.obj
d:\assignment\freertos\freertos-plus\demo\freertos_plus_tcp_and_fpt_client\debug\heap_4.obj
d:\assignment\freertos\freertos-plus\demo\freertos_plus_tcp_and_fpt_client\debug\port.obj
d:\assignment\freertos\freertos-plus\demo\freertos_plus_tcp_and_fpt_client\debug\queue.obj
d:\assignment\freertos\freertos-plus\demo\freertos_plus_tcp_and_fpt_client\debug\tasks.obj
d:\assignment\freertos\freertos-plus\demo\freertos_plus_tcp_and_fpt_client\debug\timers.obj
d:\assignment\freertos\freertos-plus\demo\freertos_plus_tcp_and_fpt_client\debug\freertos_cli.obj
d:\assignment\freertos\freertos-plus\demo\freertos_plus_tcp_and_fpt_client\debug\ff_crc.obj
d:\assignment\freertos\freertos-plus\demo\freertos_plus_tcp_and_fpt_client\debug\ff_dir.obj
d:\assignment\freertos\freertos-plus\demo\freertos_plus_tcp_and_fpt_client\debug\ff_error.obj
d:\assignment\freertos\freertos-plus\demo\freertos_plus_tcp_and_fpt_client\debug\ff_fat.obj
d:\assignment\freertos\freertos-plus\demo\freertos_plus_tcp_and_fpt_client\debug\ff_file.obj
d:\assignment\freertos\freertos-plus\demo\freertos_plus_tcp_and_fpt_client\debug\ff_format.obj
d:\assignment\freertos\freertos-plus\demo\freertos_plus_tcp_and_fpt_client\debug\ff_ioman.obj
d:\assignment\freertos\freertos-plus\demo\freertos_plus_tcp_and_fpt_client\debug\ff_locking.obj
d:\assignment\freertos\freertos-plus\demo\freertos_plus_tcp_and_fpt_client\debug\ff_memory.obj
d:\assignment\freertos\freertos-plus\demo\freertos_plus_tcp_and_fpt_client\debug\rtosdemo.ilk
d:\assignment\freertos\freertos-plus\demo\freertos_plus_tcp_and_fpt_client\debug\rtosdemo.exe
d:\assignment\freertos\freertos-plus\demo\freertos_plus_tcp_and_fpt_client\debug\win32.pdb
d:\assignment\freertos\freertos-plus\demo\freertos_plus_tcp_client\debug\bufferallocation_2.obj
d:\assignment\freertos\freertos-plus\demo\freertos_plus_tcp_client\debug\canny.obj
d:\assignment\freertos\freertos-plus\demo\freertos_plus_tcp_client\debug\cli-commands.obj
d:\assignment\freertos\freertos-plus\demo\freertos_plus_tcp_client\debug\createandverifyexamplefiles.obj
d:\assignment\freertos\freertos-plus\demo\freertos_plus_tcp_client\debug\demoiptrace.obj
d:\assignment\freertos\freertos-plus\demo\freertos_plus_tcp_client\debug\demo_logging.obj
d:\assignment\freertos\freertos-plus\demo\freertos_plus_tcp_client\debug\event_groups.obj
d:\assignment\freertos\freertos-plus\demo\freertos_plus_tcp_client\debug\ff_crc.obj
d:\assignment\freertos\freertos-plus\demo\freertos_plus_tcp_client\debug\ff_dir.obj
d:\assignment\freertos\freertos-plus\demo\freertos_plus_tcp_client\debug\ff_error.obj
d:\assignment\freertos\freertos-plus\demo\freertos_plus_tcp_client\debug\ff_fat.obj
d:\assignment\freertos\freertos-plus\demo\freertos_plus_tcp_client\debug\ff_file.obj
d:\assignment\freertos\freertos-plus\demo\freertos_plus_tcp_client\debug\ff_format.obj
d:\assignment\freertos\freertos-plus\demo\freertos_plus_tcp_client\debug\ff_ioman.obj
d:\assignment\freertos\freertos-plus\demo\freertos_plus_tcp_client\debug\ff_locking.obj
d:\assignment\freertos\freertos-plus\demo\freertos_plus_tcp_client\debug\ff_memory.obj
d:\assignment\freertos\freertos-plus\demo\freertos_plus_tcp_client\debug\ff_ramdisk.obj
d:\assignment\freertos\freertos-plus\demo\freertos_plus_tcp_client\debug\ff_stdio.obj
d:\assignment\freertos\freertos-plus\demo\freertos_plus_tcp_client\debug\ff_stdio_tests_with_cwd.obj
d:\assignment\freertos\freertos-plus\demo\freertos_plus_tcp_client\debug\ff_string.obj
d:\assignment\freertos\freertos-plus\demo\freertos_plus_tcp_client\debug\ff_sys.obj
d:\assignment\freertos\freertos-plus\demo\freertos_plus_tcp_client\debug\ff_time.obj
d:\assignment\freertos\freertos-plus\demo\freertos_plus_tcp_client\debug\file-related-cli-commands.obj
d:\assignment\freertos\freertos-plus\demo\freertos_plus_tcp_client\debug\freertos_arp.obj
d:\assignment\freertos\freertos-plus\demo\freertos_plus_tcp_client\debug\freertos_cli.obj
d:\assignment\freertos\freertos-plus\demo\freertos_plus_tcp_client\debug\freertos_dhcp.obj
d:\assignment\freertos\freertos-plus\demo\freertos_plus_tcp_client\debug\freertos_dns.obj
d:\assignment\freertos\freertos-plus\demo\freertos_plus_tcp_client\debug\freertos_ftp_client.obj
d:\assignment\freertos\freertos-plus\demo\freertos_plus_tcp_client\debug\freertos_ftp_commands.obj
d:\assignment\freertos\freertos-plus\demo\freertos_plus_tcp_client\debug\freertos_ftp_server.obj
d:\assignment\freertos\freertos-plus\demo\freertos_plus_tcp_client\debug\freertos_http_commands.obj
d:\assignment\freertos\freertos-plus\demo\freertos_plus_tcp_client\debug\freertos_http_server.obj
d:\assignment\freertos\freertos-plus\demo\freertos_plus_tcp_client\debug\freertos_ip.obj
d:\assignment\freertos\freertos-plus\demo\freertos_plus_tcp_client\debug\freertos_sockets.obj
d:\assignment\freertos\freertos-plus\demo\freertos_plus_tcp_client\debug\freertos_stream_buffer.obj
d:\assignment\freertos\freertos-plus\demo\freertos_plus_tcp_client\debug\freertos_tcp_ip.obj
d:\assignment\freertos\freertos-plus\demo\freertos_plus_tcp_client\debug\freertos_tcp_server.obj
d:\assignment\freertos\freertos-plus\demo\freertos_plus_tcp_client\debug\freertos_tcp_win.obj
d:\assignment\freertos\freertos-plus\demo\freertos_plus_tcp_client\debug\freertos_udp_ip.obj
d:\assignment\freertos\freertos-plus\demo\freertos_plus_tcp_client\debug\heap_4.obj
d:\assignment\freertos\freertos-plus\demo\freertos_plus_tcp_client\debug\list.obj
d:\assignment\freertos\freertos-plus\demo\freertos_plus_tcp_client\debug\main.obj
d:\assignment\freertos\freertos-plus\demo\freertos_plus_tcp_client\debug\networkinterface.obj
d:\assignment\freertos\freertos-plus\demo\freertos_plus_tcp_client\debug\port.obj
d:\assignment\freertos\freertos-plus\demo\freertos_plus_tcp_client\debug\queue.obj
d:\assignment\freertos\freertos-plus\demo\freertos_plus_tcp_client\debug\run-time-stats-utils.obj
d:\assignment\freertos\freertos-plus\demo\freertos_plus_tcp_client\debug\simpletcpechoserver.obj
d:\assignment\freertos\freertos-plus\demo\freertos_plus_tcp_client\debug\simpleudpclientandserver.obj
d:\assignment\freertos\freertos-plus\demo\freertos_plus_tcp_client\debug\tasks.obj
d:\assignment\freertos\freertos-plus\demo\freertos_plus_tcp_client\debug\tcpcommandconsole.obj
d:\assignment\freertos\freertos-plus\demo\freertos_plus_tcp_client\debug\tcpechoclient_separatetasks.obj
d:\assignment\freertos\freertos-plus\demo\freertos_plus_tcp_client\debug\tcpechoclient_singletasks.obj
d:\assignment\freertos\freertos-plus\demo\freertos_plus_tcp_client\debug\tftpserver.obj
d:\assignment\freertos\freertos-plus\demo\freertos_plus_tcp_client\debug\timers.obj
d:\assignment\freertos\freertos-plus\demo\freertos_plus_tcp_client\debug\twoudpechoclients.obj
d:\assignment\freertos\freertos-plus\demo\freertos_plus_tcp_client\debug\udpcommandconsole.obj
d:\assignment\freertos\freertos-plus\demo\freertos_plus_tcp_client\debug\udpselectserver.obj
d:\assignment\freertos\freertos-plus\demo\freertos_plus_tcp_client\debug\rtosdemo.ilk
d:\assignment\freertos\freertos-plus\demo\freertos_plus_tcp_client\debug\vc142.idb
d:\assignment\freertos\freertos-plus\demo\freertos_plus_tcp_client\debug\vc142.pdb
d:\assignment\freertos\freertos-plus\demo\freertos_plus_tcp_client\debug\win32.pdb
d:\assignment\freertos\freertos-plus\demo\freertos_plus_tcp_client\debug\win32.bsc
d:\assignment\freertos\freertos-plus\demo\freertos_plus_tcp_client\debug\bufferallocation_2.sbr
d:\assignment\freertos\freertos-plus\demo\freertos_plus_tcp_client\debug\canny.sbr
d:\assignment\freertos\freertos-plus\demo\freertos_plus_tcp_client\debug\cli-commands.sbr
d:\assignment\freertos\freertos-plus\demo\freertos_plus_tcp_client\debug\createandverifyexamplefiles.sbr
d:\assignment\freertos\freertos-plus\demo\freertos_plus_tcp_client\debug\demoiptrace.sbr
d:\assignment\freertos\freertos-plus\demo\freertos_plus_tcp_client\debug\demo_logging.sbr
d:\assignment\freertos\freertos-plus\demo\freertos_plus_tcp_client\debug\event_groups.sbr
d:\assignment\freertos\freertos-plus\demo\freertos_plus_tcp_client\debug\ff_crc.sbr
d:\assignment\freertos\freertos-plus\demo\freertos_plus_tcp_client\debug\ff_dir.sbr
d:\assignment\freertos\freertos-plus\demo\freertos_plus_tcp_client\debug\ff_error.sbr
d:\assignment\freertos\freertos-plus\demo\freertos_plus_tcp_client\debug\ff_fat.sbr
d:\assignment\freertos\freertos-plus\demo\freertos_plus_tcp_client\debug\ff_file.sbr
d:\assignment\freertos\freertos-plus\demo\freertos_plus_tcp_client\debug\ff_format.sbr
d:\assignment\freertos\freertos-plus\demo\freertos_plus_tcp_client\debug\ff_ioman.sbr
d:\assignment\freertos\freertos-plus\demo\freertos_plus_tcp_client\debug\ff_locking.sbr
d:\assignment\freertos\freertos-plus\demo\freertos_plus_tcp_client\debug\ff_memory.sbr
d:\assignment\freertos\freertos-plus\demo\freertos_plus_tcp_client\debug\ff_ramdisk.sbr
d:\assignment\freertos\freertos-plus\demo\freertos_plus_tcp_client\debug\ff_stdio.sbr
d:\assignment\freertos\freertos-plus\demo\freertos_plus_tcp_client\debug\ff_stdio_tests_with_cwd.sbr
d:\assignment\freertos\freertos-plus\demo\freertos_plus_tcp_client\debug\ff_string.sbr
d:\assignment\freertos\freertos-plus\demo\freertos_plus_tcp_client\debug\ff_sys.sbr
d:\assignment\freertos\freertos-plus\demo\freertos_plus_tcp_client\debug\ff_time.sbr
d:\assignment\freertos\freertos-plus\demo\freertos_plus_tcp_client\debug\file-related-cli-commands.sbr
d:\assignment\freertos\freertos-plus\demo\freertos_plus_tcp_client\debug\freertos_arp.sbr
d:\assignment\freertos\freertos-plus\demo\freertos_plus_tcp_client\debug\freertos_cli.sbr
d:\assignment\freertos\freertos-plus\demo\freertos_plus_tcp_client\debug\freertos_dhcp.sbr
d:\assignment\freertos\freertos-plus\demo\freertos_plus_tcp_client\debug\freertos_dns.sbr
d:\assignment\freertos\freertos-plus\demo\freertos_plus_tcp_client\debug\freertos_ftp_client.sbr
d:\assignment\freertos\freertos-plus\demo\freertos_plus_tcp_client\debug\freertos_ftp_commands.sbr
d:\assignment\freertos\freertos-plus\demo\freertos_plus_tcp_client\debug\freertos_ftp_server.sbr
d:\assignment\freertos\freertos-plus\demo\freertos_plus_tcp_client\debug\freertos_http_commands.sbr
d:\assignment\freertos\freertos-plus\demo\freertos_plus_tcp_client\debug\freertos_http_server.sbr
d:\assignment\freertos\freertos-plus\demo\freertos_plus_tcp_client\debug\freertos_ip.sbr
d:\assignment\freertos\freertos-plus\demo\freertos_plus_tcp_client\debug\freertos_sockets.sbr
d:\assignment\freertos\freertos-plus\demo\freertos_plus_tcp_client\debug\freertos_stream_buffer.sbr
d:\assignment\freertos\freertos-plus\demo\freertos_plus_tcp_client\debug\freertos_tcp_ip.sbr
d:\assignment\freertos\freertos-plus\demo\freertos_plus_tcp_client\debug\freertos_tcp_server.sbr
d:\assignment\freertos\freertos-plus\demo\freertos_plus_tcp_client\debug\freertos_tcp_win.sbr
d:\assignment\freertos\freertos-plus\demo\freertos_plus_tcp_client\debug\freertos_udp_ip.sbr
d:\assignment\freertos\freertos-plus\demo\freertos_plus_tcp_client\debug\heap_4.sbr
d:\assignment\freertos\freertos-plus\demo\freertos_plus_tcp_client\debug\list.sbr
d:\assignment\freertos\freertos-plus\demo\freertos_plus_tcp_client\debug\main.sbr
d:\assignment\freertos\freertos-plus\demo\freertos_plus_tcp_client\debug\networkinterface.sbr
d:\assignment\freertos\freertos-plus\demo\freertos_plus_tcp_client\debug\port.sbr
d:\assignment\freertos\freertos-plus\demo\freertos_plus_tcp_client\debug\queue.sbr
d:\assignment\freertos\freertos-plus\demo\freertos_plus_tcp_client\debug\run-time-stats-utils.sbr
d:\assignment\freertos\freertos-plus\demo\freertos_plus_tcp_client\debug\simpletcpechoserver.sbr
d:\assignment\freertos\freertos-plus\demo\freertos_plus_tcp_client\debug\simpleudpclientandserver.sbr
d:\assignment\freertos\freertos-plus\demo\freertos_plus_tcp_client\debug\tasks.sbr
d:\assignment\freertos\freertos-plus\demo\freertos_plus_tcp_client\debug\tcpcommandconsole.sbr
d:\assignment\freertos\freertos-plus\demo\freertos_plus_tcp_client\debug\tcpechoclient_separatetasks.sbr
d:\assignment\freertos\freertos-plus\demo\freertos_plus_tcp_client\debug\tcpechoclient_singletasks.sbr
d:\assignment\freertos\freertos-plus\demo\freertos_plus_tcp_client\debug\tftpserver.sbr
d:\assignment\freertos\freertos-plus\demo\freertos_plus_tcp_client\debug\timers.sbr
d:\assignment\freertos\freertos-plus\demo\freertos_plus_tcp_client\debug\twoudpechoclients.sbr
d:\assignment\freertos\freertos-plus\demo\freertos_plus_tcp_client\debug\udpcommandconsole.sbr
d:\assignment\freertos\freertos-plus\demo\freertos_plus_tcp_client\debug\udpselectserver.sbr
d:\assignment\freertos\freertos-plus\demo\freertos_plus_tcp_client\.\debug\rtosdemo.exe
d:\assignment\freertos\freertos-plus\demo\freertos_plus_tcp_client\debug\rtosdemo.tlog\bscmake.command.1.tlog
d:\assignment\freertos\freertos-plus\demo\freertos_plus_tcp_client\debug\rtosdemo.tlog\bscmake.read.1.tlog
d:\assignment\freertos\freertos-plus\demo\freertos_plus_tcp_client\debug\rtosdemo.tlog\bscmake.write.1.tlog
d:\assignment\freertos\freertos-plus\demo\freertos_plus_tcp_client\debug\rtosdemo.tlog\cl.command.1.tlog
d:\assignment\freertos\freertos-plus\demo\freertos_plus_tcp_client\debug\rtosdemo.tlog\cl.read.1.tlog
d:\assignment\freertos\freertos-plus\demo\freertos_plus_tcp_client\debug\rtosdemo.tlog\cl.write.1.tlog
d:\assignment\freertos\freertos-plus\demo\freertos_plus_tcp_client\debug\rtosdemo.tlog\link.command.1.tlog
d:\assignment\freertos\freertos-plus\demo\freertos_plus_tcp_client\debug\rtosdemo.tlog\link.read.1.tlog
d:\assignment\freertos\freertos-plus\demo\freertos_plus_tcp_client\debug\rtosdemo.tlog\link.write.1.tlog
